"../../../Engine/Content/ArtTools/RenderToTexture/Enums/RenderToTexture_Enum.uasset" 0
"../../../Engine/Content/ArtTools/RenderToTexture/Enums/RenderToTexture_Flipbook_Enum.uasset" 1
"../../../Engine/Content/ArtTools/RenderToTexture/Enums/RenderToTexture_Imposter_Enum.uasset" 2
"../../../Engine/Content/EditorBlueprintResources/StandardMacros.uasset" 3
"../../../Engine/Content/ArtTools/RenderToTexture/Enums/EIntTypes.uasset" 4
"../../../Engine/Content/ArtTools/RenderToTexture/Macros/RenderToTextureFunctionLibrary.uasset" 5
"../../../Engine/Content/ArtTools/RenderToTexture/Enums/EFloatTypes.uasset" 6
"../../../Engine/Content/ArtTools/RenderToTexture/Macros/RenderToTextureMacros.uasset" 7
"../../../Engine/Content/Functions/Engine_MaterialFunctions01/Opacity/CameraDepthFade.uasset" 8
"../../../Engine/Content/EngineMaterials/T_Default_Material_Grid_M.uasset" 9
"../../../Engine/Content/EngineMaterials/T_Default_Material_Grid_N.uasset" 10
"../../../Engine/Content/EngineMaterials/WorldGridMaterial.uasset" 11
"../../../Engine/Content/ArtTools/RenderToTexture/Meshes/S_1_Unit_Plane.uasset" 12
"../../../Engine/Content/EngineMaterials/DefaultPhysicalMaterial.uasset" 13
"../../../Engine/Content/BufferVisualization/AmbientOcclusion.uasset" 14
"../../../Engine/Content/BufferVisualization/BaseColor.uasset" 15
"../../../Engine/Content/BufferVisualization/CustomDepth.uasset" 16
"../../../Engine/Content/Functions/Engine_MaterialFunctions02/Utility/VectorLength.uasset" 17
"../../../Engine/Content/BufferVisualization/CustomDepthWorldUnits.uasset" 18
"../../../Engine/Content/Functions/Engine_MaterialFunctions02/Utility/BreakOutFloat2Components.uasset" 19
"../../../Engine/Content/Functions/Engine_MaterialFunctions01/Texturing/ScaleUVsByCenter.uasset" 20
"../../../Engine/Content/Functions/Engine_MaterialFunctions02/ScreenResolution.uasset" 21
"../../../Engine/Content/Functions/Engine_MaterialFunctions02/Texturing/ScreenAlignedUVs.uasset" 22
"../../../Engine/Content/Functions/Engine_MaterialFunctions02/Utility/MakeFloat2.uasset" 23
"../../../Engine/Content/Functions/Engine_MaterialFunctions02/Utility/MakeFloat3.uasset" 24
"../../../Engine/Content/EngineMaterials/MiniFont.uasset" 25
"../../../Engine/Content/BufferVisualization/CustomStencil.uasset" 26
"../../../Engine/Content/BufferVisualization/FinalImage.uasset" 27
"../../../Engine/Content/BufferVisualization/LightingModel.uasset" 28
"../../../Engine/Content/BufferVisualization/MaterialAO.uasset" 29
"../../../Engine/Content/BufferVisualization/Metallic.uasset" 30
"../../../Engine/Content/BufferVisualization/Opacity.uasset" 31
"../../../Engine/Content/BufferVisualization/PostTonemapHDRColor.uasset" 32
"../../../Engine/Content/BufferVisualization/PreTonemapHDRColor.uasset" 33
"../../../Engine/Content/BufferVisualization/Roughness.uasset" 34
"../../../Engine/Content/BufferVisualization/SceneColor.uasset" 35
"../../../Engine/Content/BufferVisualization/SceneDepth.uasset" 36
"../../../Engine/Content/BufferVisualization/SceneDepthWorldUnits.uasset" 37
"../../../Engine/Content/BufferVisualization/SeparateTranslucencyA.uasset" 38
"../../../Engine/Content/BufferVisualization/SeparateTranslucencyRGB.uasset" 39
"../../../Engine/Content/BufferVisualization/Specular.uasset" 40
"../../../Engine/Content/BufferVisualization/SubsurfaceColor.uasset" 41
"../../../Engine/Content/BufferVisualization/WorldNormal.uasset" 42
"../../../Engine/Content/EditorLandscapeResources/DataLayer.uasset" 43
"../../../Engine/Content/EditorLandscapeResources/DefaultAlphaTexture.uasset" 44
"../../../Engine/Content/EditorLandscapeResources/LandscapeGizmoHeight_Mat.uasset" 45
"../../../Engine/Content/EditorLandscapeResources/LandscapeGizmo_Mat.uasset" 46
"../../../Engine/Content/EditorLandscapeResources/LandscapeGizmo_Mat_Copied.uasset" 47
"../../../Engine/Content/EditorLandscapeResources/SplineEditorMeshMat.uasset" 48
"../../../Engine/Content/EditorLandscapeResources/SplineEditorMesh.uasset" 49
"../../../Engine/Content/EditorMaterials/Cross.uasset" 50
"../../../Engine/Content/EditorMaterials/Cross_Mat.uasset" 51
"../../../Engine/Content/EditorMaterials/GizmoMaterial.uasset" 52
"../../../Engine/Content/Functions/Engine_MaterialFunctions02/Utility/Sign.uasset" 53
"../../../Engine/Content/Functions/Engine_MaterialFunctions02/Utility/Round.uasset" 54
"../../../Engine/Content/Functions/Engine_MaterialFunctions02/ExampleContent/Textures/flipbook.uasset" 55
"../../../Engine/Content/Functions/Engine_MaterialFunctions02/Texturing/FlipBook.uasset" 56
"../../../Engine/Content/EditorResources/T_EditorHelp.uasset" 57
"../../../Engine/Content/EditorMaterials/HelpActorMaterial.uasset" 58
"../../../Engine/Content/EditorMaterials/CompositeARGBLayer.uasset" 59
"../../../Engine/Content/EditorMaterials/TilingAALineIntegral.uasset" 60
"../../../Engine/Content/EditorMaterials/TilingAALineBoxFiltered.uasset" 61
"../../../Engine/Content/Functions/Engine_MaterialFunctions03/Procedurals/ComputeFilterWidth.uasset" 62
"../../../Engine/Content/EditorMaterials/TilingAADots.uasset" 63
"../../../Engine/Content/EditorMaterials/Cascade/CASC_Cross.uasset" 64
"../../../Engine/Content/EditorMaterials/Cascade/CASC_None.uasset" 65
"../../../Engine/Content/Functions/Engine_MaterialFunctions03/Blends/Blend_Screen.uasset" 66
"../../../Engine/Content/EditorMaterials/TilingAAGrid.uasset" 67
"../../../Engine/Content/EditorMaterials/LevelGridMaterial.uasset" 68
"../../../Engine/Content/EditorMaterials/MakeCompositeARGBLayer.uasset" 69
"../../../Engine/Content/EditorResources/LevelGrid1DStripes.uasset" 70
"../../../Engine/Content/EditorMaterials/TextureGridCascaded1D.uasset" 71
"../../../Engine/Content/EditorMaterials/TextureGridCascaded2D.uasset" 72
"../../../Engine/Content/EditorMaterials/LevelGridMaterial2.uasset" 73
"../../../Engine/Content/EditorMaterials/MAT_Groups_Toggle.uasset" 74
"../../../Engine/Content/EditorMaterials/MAT_Groups_Visibility.uasset" 75
"../../../Engine/Content/EditorMaterials/PhAT_BoneSelectedMaterial.uasset" 76
"../../../Engine/Content/EditorMaterials/PhAT_ElemSelectedMaterial.uasset" 77
"../../../Engine/Content/EditorMaterials/PhAT_NoCollisionMaterial.uasset" 78
"../../../Engine/Content/EditorMaterials/PhAT_UnselectedMaterial.uasset" 79
"../../../Engine/Content/EditorMaterials/PreviewShadowIndicator.uasset" 80
"../../../Engine/Content/EditorMaterials/PreviewShadowIndicatorMaterial.uasset" 81
"../../../Engine/Content/EditorMaterials/TargetIcon.uasset" 82
"../../../Engine/Content/EditorMaterials/Tick.uasset" 83
"../../../Engine/Content/EditorMaterials/Tick_Mat.uasset" 84
"../../../Engine/Content/EditorMaterials/WidgetGridVertexColorMaterial.uasset" 85
"../../../Engine/Content/EditorMaterials/WidgetGridVertexColorMaterial_Ma.uasset" 86
"../../../Engine/Content/EditorMaterials/WidgetMaterial.uasset" 87
"../../../Engine/Content/EditorMaterials/WidgetMaterial_Current.uasset" 88
"../../../Engine/Content/EditorMaterials/WidgetMaterial_X.uasset" 89
"../../../Engine/Content/EditorMaterials/WidgetMaterial_Y.uasset" 90
"../../../Engine/Content/EditorMaterials/WidgetMaterial_Z.uasset" 91
"../../../Engine/Content/EditorMaterials/WidgetVertexColorMaterial.uasset" 92
"../../../Engine/Content/EditorMaterials/AssetViewer/EpicQuadPanorama_CC+EV1.uasset" 93
"../../../Engine/Content/EditorMaterials/MatineeGroups/MAT_ColorTrack.uasset" 94
"../../../Engine/Content/EditorMaterials/MatineeGroups/MAT_Groups_Anim.uasset" 95
"../../../Engine/Content/EditorMaterials/MatineeGroups/MAT_Groups_AudioMaster.uasset" 96
"../../../Engine/Content/EditorMaterials/MatineeGroups/MAT_Groups_Director.uasset" 97
"../../../Engine/Content/EditorMaterials/MatineeGroups/MAT_Groups_Event.uasset" 98
"../../../Engine/Content/EditorMaterials/MatineeGroups/MAT_Groups_Fade.uasset" 99
"../../../Engine/Content/EditorMaterials/MatineeGroups/MAT_Groups_Float.uasset" 100
"../../../Engine/Content/EditorMaterials/MatineeGroups/MAT_Groups_Move.uasset" 101
"../../../Engine/Content/EditorMaterials/MatineeGroups/MAT_Groups_Slomo.uasset" 102
"../../../Engine/Content/EditorMaterials/MatineeGroups/MAT_Groups_Sound.uasset" 103
"../../../Engine/Content/EditorMaterials/MatineeGroups/MAT_Groups_Vector.uasset" 104
"../../../Engine/Content/EditorMaterials/ParticleSystems/PSysThumbnail_NoImage.uasset" 105
"../../../Engine/Content/EditorMaterials/ParticleSystems/PSysThumbnail_OOD.uasset" 106
"../../../Engine/Content/EngineMaterials/Grid.uasset" 107
"../../../Engine/Content/EditorMaterials/Thumbnails/FloorPlaneMaterial.uasset" 108
"../../../Engine/Content/EditorMeshes/EditorCylinder.uasset" 109
"../../../Engine/Content/EditorMeshes/EditorPlane.uasset" 110
"../../../Engine/Content/EditorMaterials/Thumbnails/SkySphereMaterial.uasset" 111
"../../../Engine/Content/EditorMeshes/EditorSkySphere.uasset" 112
"../../../Engine/Content/EditorMeshes/EditorSphere.uasset" 113
"../../../Engine/Content/EditorResources/MatineeCam_D.uasset" 114
"../../../Engine/Content/EditorMaterials/MatineeCam_mat.uasset" 115
"../../../Engine/Content/EditorMeshes/MatineeCam_SM.uasset" 116
"../../../Engine/Content/EditorMaterials/Camera/CineMat.uasset" 117
"../../../Engine/Content/EditorMaterials/Camera/MI_CineMat_CameraBody.uasset" 118
"../../../Engine/Content/EngineDebugMaterials/M_SimpleOpaque.uasset" 119
"../../../Engine/Content/EditorMaterials/Camera/MI_CineMat_CamViewFinder.uasset" 120
"../../../Engine/Content/EditorMeshes/Camera/SM_CineCam.uasset" 121
"../../../Engine/Content/EditorMaterials/Camera/MI_CineMat_Rig.uasset" 122
"../../../Engine/Content/EditorMeshes/Camera/SM_CraneRig_Arm.uasset" 123
"../../../Engine/Content/EditorMeshes/Camera/SM_CraneRig_Base.uasset" 124
"../../../Engine/Content/EditorMeshes/Camera/SM_CraneRig_Body.uasset" 125
"../../../Engine/Content/EditorMeshes/Camera/SM_CraneRig_Mount.uasset" 126
"../../../Engine/Content/EditorMeshes/Camera/SM_RailRig_Mount.uasset" 127
"../../../Engine/Content/EditorMeshes/Camera/SM_RailRig_Track.uasset" 128
"../../../Engine/Content/EditorMeshes/ColorCalibrator/M_ChromeBall.uasset" 129
"../../../Engine/Content/EditorMeshes/ColorCalibrator/M_ClearCoat.uasset" 130
"../../../Engine/Content/EditorMeshes/ColorCalibrator/M_ClearCoatBlack.uasset" 131
"../../../Engine/Content/EditorMeshes/ColorCalibrator/T_ColorGrid.uasset" 132
"../../../Engine/Content/EditorMeshes/ColorCalibrator/M_ColorGrid.uasset" 133
"../../../Engine/Content/EditorMeshes/ColorCalibrator/M_GreyBall.uasset" 134
"../../../Engine/Content/EditorMeshes/ColorCalibrator/SM_ColorCalibrator.uasset" 135
"../../../Engine/Content/EditorResources/Bad.uasset" 136
"../../../Engine/Content/EditorResources/BSPVertex.uasset" 137
"../../../Engine/Content/EditorResources/EmptyActor.uasset" 138
"../../../Engine/Content/EditorResources/MatInstActSprite.uasset" 139
"../../../Engine/Content/EditorResources/RGBTable16x1_AssetViewer.uasset" 140
"../../../Engine/Content/EditorResources/SceneManager.uasset" 141
"../../../Engine/Content/EditorResources/SmallFont.uasset" 142
"../../../Engine/Content/EditorResources/S_Actor.uasset" 143
"../../../Engine/Content/EditorResources/S_DecalActorIcon.uasset" 144
"../../../Engine/Content/EditorResources/S_Emitter.uasset" 145
"../../../Engine/Content/EditorResources/S_ExpoHeightFog.uasset" 146
"../../../Engine/Content/EditorResources/S_FTest.uasset" 147
"../../../Engine/Content/EditorResources/S_KBSJoint.uasset" 148
"../../../Engine/Content/EditorResources/S_KHinge.uasset" 149
"../../../Engine/Content/EditorResources/S_KPrismatic.uasset" 150
"../../../Engine/Content/EditorResources/S_LevelSequence.uasset" 151
"../../../Engine/Content/EditorResources/S_NavP.uasset" 152
"../../../Engine/Content/EditorResources/S_Note.uasset" 153
"../../../Engine/Content/EditorResources/S_Player.uasset" 154
"../../../Engine/Content/EditorResources/S_PortalActorIcon2.uasset" 155
"../../../Engine/Content/EditorResources/S_RadForce.uasset" 156
"../../../Engine/Content/EditorResources/S_ReflActorIcon.uasset" 157
"../../../Engine/Content/EditorResources/S_Terrain.uasset" 158
"../../../Engine/Content/EditorResources/S_TextRenderActorIcon.uasset" 159
"../../../Engine/Content/EditorResources/S_Thruster.uasset" 160
"../../../Engine/Content/EditorResources/S_Trigger.uasset" 161
"../../../Engine/Content/EditorResources/S_VectorFieldVol.uasset" 162
"../../../Engine/Content/EditorResources/S_WindDirectional.uasset" 163
"../../../Engine/Content/EditorResources/AI/S_NavLink.uasset" 164
"../../../Engine/Content/EditorResources/AudioIcons/S_AudioComponent_AutoActivate.uasset" 165
"../../../Engine/Content/EditorResources/LightIcons/SkyLight.uasset" 166
"../../../Engine/Content/EditorResources/LightIcons/S_LightDirectional.uasset" 167
"../../../Engine/Content/EditorResources/LightIcons/S_LightDirectionalMove.uasset" 168
"../../../Engine/Content/EditorResources/LightIcons/S_LightError.uasset" 169
"../../../Engine/Content/EditorResources/LightIcons/S_LightPoint.uasset" 170
"../../../Engine/Content/EditorResources/LightIcons/S_LightPointMove.uasset" 171
"../../../Engine/Content/EditorResources/LightIcons/S_LightSpot.uasset" 172
"../../../Engine/Content/EditorResources/LightIcons/S_LightSpotMove.uasset" 173
"../../../Engine/Content/EditorResources/SequenceRecorder/Countdown.uasset" 174
"../../../Engine/Content/EditorResources/SequenceRecorder/RecordingIndicator.uasset" 175
"../../../Engine/Content/EditorResources/Spline/T_Loft_Spline.uasset" 176
"../../../Engine/Content/EditorSounds/Notifications/CompileFailed.uasset" 177
"../../../Engine/Content/EditorSounds/Notifications/CompileFailed_Cue.uasset" 178
"../../../Engine/Content/EditorSounds/Notifications/CompileSuccess.uasset" 179
"../../../Engine/Content/EditorSounds/Notifications/CompileStart_Cue.uasset" 180
"../../../Engine/Content/EditorSounds/Notifications/CompileSuccess_Cue.uasset" 181
"../../../Engine/Content/EngineDamageTypes/DmgTypeBP_Environmental.uasset" 182
"../../../Engine/Content/EngineDebugMaterials/HeatmapGradient.uasset" 183
"../../../Engine/Content/EngineDebugMaterials/BoneWeightMaterial.uasset" 184
"../../../Engine/Content/EngineDebugMaterials/DebugMeshMaterial.uasset" 185
"../../../Engine/Content/EngineDebugMaterials/GeomMaterial.uasset" 186
"../../../Engine/Content/Functions/Engine_MaterialFunctions01/Shading/ConvertFromDiffSpec.uasset" 187
"../../../Engine/Content/EngineDebugMaterials/LevelColorationLitMaterial.uasset" 188
"../../../Engine/Content/EngineDebugMaterials/LevelColorationUnlitMaterial.uasset" 189
"../../../Engine/Content/EngineMaterials/DefaultWhiteGrid.uasset" 190
"../../../Engine/Content/EngineDebugMaterials/MAT_LevelColorationLitLightmapUV.uasset" 191
"../../../Engine/Content/EngineDebugMaterials/M_SimpleTranslucent.uasset" 192
"../../../Engine/Content/EngineDebugMaterials/ShadedLevelColorationLitMaterial.uasset" 193
"../../../Engine/Content/EngineDebugMaterials/ShadedLevelColorationUnlitMateri.uasset" 194
"../../../Engine/Content/EngineDebugMaterials/VertexColorMaterial.uasset" 195
"../../../Engine/Content/EngineDebugMaterials/VertexColorViewMode_AlphaAsColor.uasset" 196
"../../../Engine/Content/EngineDebugMaterials/VertexColorViewMode_BlueOnly.uasset" 197
"../../../Engine/Content/EngineDebugMaterials/VertexColorViewMode_ColorOnly.uasset" 198
"../../../Engine/Content/EngineDebugMaterials/VertexColorViewMode_GreenOnly.uasset" 199
"../../../Engine/Content/EngineDebugMaterials/VertexColorViewMode_RedOnly.uasset" 200
"../../../Engine/Content/EngineDebugMaterials/WireframeMaterial.uasset" 201
"../../../Engine/Content/EngineFonts/Faces/RobotoTiny.uasset" 202
"../../../Engine/Content/EngineFonts/RobotoTiny.uasset" 203
"../../../Engine/Content/EngineFonts/SmallFont.uasset" 204
"../../../Engine/Content/EngineFonts/TinyFont.uasset" 205
"../../../Engine/Content/EngineResources/WhiteSquareTexture.uasset" 206
"../../../Engine/Content/EngineMaterials/BlinkingCaret.uasset" 207
"../../../Engine/Content/EngineMaterials/DefaultBokeh.uasset" 208
"../../../Engine/Content/EngineMaterials/DefaultDiffuse.uasset" 209
"../../../Engine/Content/EngineMaterials/DefaultDeferredDecalMaterial.uasset" 210
"../../../Engine/Content/EngineMaterials/DefaultLightFunctionMaterial.uasset" 211
"../../../Engine/Content/EngineMaterials/DefaultNormal.uasset" 212
"../../../Engine/Content/EngineMaterials/DefaultPostProcessMaterial.uasset" 213
"../../../Engine/Content/EngineFonts/RobotoDistanceField.uasset" 214
"../../../Engine/Content/EngineMaterials/DefaultTextMaterialOpaque.uasset" 215
"../../../Engine/Content/EngineMaterials/EditorBrushMaterial.uasset" 216
"../../../Engine/Content/EngineMaterials/Good64x64TilingNoiseHighFreq.uasset" 217
"../../../Engine/Content/EngineMaterials/Grid_N.uasset" 218
"../../../Engine/Content/EngineMaterials/HighResolutionScreenshotMaskFunction.uasset" 219
"../../../Engine/Content/EngineMaterials/HighResScreenshot.uasset" 220
"../../../Engine/Content/EngineMaterials/HighResScreenshotCaptureRegion.uasset" 221
"../../../Engine/Content/EngineMaterials/HighResScreenshotMask.uasset" 222
"../../../Engine/Content/EngineMaterials/LandscapeHolePhysicalMaterial.uasset" 223
"../../../Engine/Content/EngineMaterials/InvalidLightmapSettings.uasset" 224
"../../../Engine/Content/EngineMaterials/M_InvalidLightmapSettings.uasset" 225
"../../../Engine/Content/EngineMaterials/PaperDiffuse.uasset" 226
"../../../Engine/Content/EngineMaterials/PaperNormal.uasset" 227
"../../../Engine/Content/EngineMaterials/PhAT_JointLimitMaterial.uasset" 228
"../../../Engine/Content/EngineMaterials/PhysMat_Rubber.uasset" 229
"../../../Engine/Content/EngineMaterials/PreintegratedSkinBRDF.uasset" 230
"../../../Engine/Content/EngineMaterials/RemoveSurfaceMaterial.uasset" 231
"../../../Engine/Content/EngineMaterials/WeightMapPlaceholderTexture.uasset" 232
"../../../Engine/Content/EngineMaterials/Widget3DPassThrough.uasset" 233
"../../../Engine/Content/EngineMaterials/Widget3DPassThrough_Masked.uasset" 234
"../../../Engine/Content/EngineMaterials/Widget3DPassThrough_Opaque.uasset" 235
"../../../Engine/Content/EngineMaterials/Widget3DPassThrough_Masked_OneSided.uasset" 236
"../../../Engine/Content/EngineMaterials/Widget3DPassThrough_Opaque_OneSided.uasset" 237
"../../../Engine/Content/EngineMaterials/Widget3DPassThrough_Translucent.uasset" 238
"../../../Engine/Content/EngineMaterials/Widget3DPassThrough_Translucent_OneSided.uasset" 239
"../../../Engine/Content/EngineMaterials/DefaultMaterial.uasset" 240
"../../../Engine/Content/EngineMeshes/Cube.uasset" 241
"../../../Engine/Content/EngineMeshes/Cylinder.uasset" 242
"../../../Engine/Content/EngineMeshes/Sphere.uasset" 243
"../../../Engine/Content/EngineResources/Black.uasset" 244
"../../../Engine/Content/EngineResources/DefaultTexture.uasset" 245
"../../../Engine/Content/EngineResources/DefaultTextureCube.uasset" 246
"../../../Engine/Content/EngineResources/GradientTexture0.uasset" 247
"../../../Engine/Content/EngineResources/StreamingPauseIcon.uasset" 248
"../../../Engine/Content/EngineResources/M_StreamingPause.uasset" 249
"../../../Engine/Content/EngineSounds/Master.uasset" 250
"../../../Engine/Content/Functions/Engine_MaterialFunctions01/Shading/PowerToRoughness.uasset" 251
"../../../Engine/Content/Maps/Templates/Thumbnails/Default.uasset" 252
"../../../Engine/Content/Maps/Templates/Thumbnails/VR-Basic.uasset" 253
"../../../Engine/Content/MapTemplates/Sky/DaylightAmbientCubemap.uasset" 254
"../../../Engine/Content/MobileResources/T_MobileControls_texture.uasset" 255
"../../../Engine/Content/MobileResources/T_MobileMenu2.uasset" 256
"../../../Engine/Content/MobileResources/HUD/AnalogHat.uasset" 257
"../../../Engine/Content/MobileResources/HUD/VirtualJoystick_Background.uasset" 258
"../../../Engine/Content/MobileResources/HUD/VirtualJoystick_Thumb.uasset" 259
"../../../Engine/Content/MobileResources/HUD/DefaultVirtualJoysticks.uasset" 260
"../../../Engine/Content/MobileResources/HUD/LeftVirtualJoystickOnly.uasset" 261
"../../../Engine/Content/MobileResources/HUD/MobileHUDButton1_off.uasset" 262
"../../../Engine/Content/MobileResources/HUD/MobileHUDButton1_on.uasset" 263
"../../../Engine/Content/MobileResources/HUD/MobileHUDButton2_off.uasset" 264
"../../../Engine/Content/MobileResources/HUD/MobileHUDButton2_on.uasset" 265
"../../../Engine/Content/MobileResources/HUD/MobileHUDButton3.uasset" 266
"../../../Engine/Content/MobileResources/HUD/MobileHUDButtonFire.uasset" 267
"../../../Engine/Content/MobileResources/HUD/MobileHUDDirectionPad.uasset" 268
"../../../Engine/Content/MobileResources/HUD/MobileHUDDirectionPad2.uasset" 269
"../../../Engine/Content/MobileResources/HUD/MobileHUDDirectionPad3.uasset" 270
"../../../Engine/Content/MobileResources/HUD/MobileHUDDirectionStick.uasset" 271
"../../../Engine/Content/MobileResources/HUD/T_Castle_ThumbstickInner.uasset" 272
"../../../Engine/Content/MobileResources/HUD/T_Castle_ThumbstickOutter.uasset" 273
"../../../Engine/Content/Tutorial/ContentIntroCurve.uasset" 274
"../../../Engine/Content/Tutorial/Basics/TutorialAssets/icon_tab_Levels_40x.uasset" 275
"../../../Engine/Content/Tutorial/BlueprintTutorials/TutorialAssets/BlueprintInterface_64x.uasset" 276
"../../../Engine/Content/Tutorial/BlueprintTutorials/TutorialAssets/BlueprintMacroLibrary_64x.uasset" 277
"../../../Engine/Content/Tutorial/BlueprintTutorials/TutorialAssets/Blueprint_64x.uasset" 278
"../../../Engine/Content/Tutorial/BlueprintTutorials/TutorialAssets/Tutorial_BP_Interface.uasset" 279
"../../../Engine/Content/Tutorial/Foliage/TutorialAssets/Foliage.uasset" 280
"../../../Engine/Content/Tutorial/Landscape/TutorialAssets/Landscape.uasset" 281
"../../../Engine/Content/Tutorial/Paper2D/TutorialAssets/Paper2DFlipbook_TutorialIcon.uasset" 282
"../../../Engine/Content/Tutorial/Paper2D/TutorialAssets/Paper2DSprite_TutorialIcon.uasset" 283
"../../../Engine/Content/Tutorial/SubEditors/TutorialAssets/icon_Editor_Preferences_General_40x.uasset" 284
"../../../Engine/Content/Tutorial/SubEditors/TutorialAssets/icon_ShowSkeletalMeshes_40x.uasset" 285
"../../../Engine/Content/Tutorial/SubEditors/TutorialAssets/TutorialMaterial.uasset" 286
"../../../Engine/Content/Tutorial/SubEditors/TutorialAssets/T_SmokeSubUV_8X8.uasset" 287
"../../../Engine/Content/Tutorial/SubEditors/TutorialAssets/T_soft_smoke.uasset" 288
"../../../Engine/Content/Tutorial/SubEditors/TutorialAssets/M_smoke_subUV_blackbody.uasset" 289
"../../../Engine/Content/Tutorial/SubEditors/TutorialAssets/TutorialParticleSystem.uasset" 290
"../../../Engine/Content/EditorMeshes/EditorCube.uasset" 291
"../../../Engine/Content/Tutorial/SubEditors/TutorialAssets/Tutorial_DM.uasset" 292
"../../../Engine/Content/VREditor/Devices/Generic/GenericHMDMaterial.uasset" 293
"../../../Engine/Content/VREditor/Devices/Generic/GenericHMD.uasset" 294
"../../../Engine/Content/VREditor/FloatingText/LineMaterial.uasset" 295
"../../../Engine/Content/VREditor/FloatingText/JointSphere.uasset" 296
"../../../Engine/Content/VREditor/FloatingText/LineSegmentCylinder.uasset" 297
"../../../Engine/Content/VREditor/Fonts/VRText_RobotoLarge.uasset" 298
"../../../Engine/Content/VREditor/Fonts/VRTextMaterial.uasset" 299
"../../../Engine/Content/VREditor/Fonts/TranslucentVRTextMaterial.uasset" 300
"../../../Engine/Content/VREditor/LaserPointer/VR_LaserPower_01.uasset" 301
"../../../Engine/Content/VREditor/LaserPointer/LaserPointerMaterial.uasset" 302
"../../../Engine/Content/VREditor/LaserPointer/LaserPointerMaterialInst.uasset" 303
"../../../Engine/Content/VREditor/LaserPointer/TranslucentLaserPointerMaterialInst.uasset" 304
"../../../Engine/Content/VREditor/LaserPointer/LaserPointerMesh.uasset" 305
"../../../Engine/Content/VREditor/Sounds/VR_grab_Cue.uasset" 306
"../../../Engine/Content/VREditor/Sounds/VR_teleport_Cue.uasset" 307
"../../../Engine/Content/VREditor/TransformGizmo/TransformGizmoMaterial.uasset" 308
"../../../Engine/Content/VREditor/TransformGizmo/TranslucentTransformGizmoMaterial.uasset" 309
"../../../Engine/Content/VREditor/TransformGizmo/BoundingBoxCorner.uasset" 310
"../../../Engine/Content/VREditor/TransformGizmo/BoundingBoxEdge.uasset" 311
"../../../Engine/Content/VREditor/TransformGizmo/PlaneTranslationHandle.uasset" 312
"../../../Engine/Content/VREditor/TransformGizmo/RotationHandle.uasset" 313
"../../../Engine/Content/VREditor/TransformGizmo/RotationHandleFull.uasset" 314
"../../../Engine/Content/VREditor/TransformGizmo/StretchingHandle.uasset" 315
"../../../Engine/Content/VREditor/TransformGizmo/TranslateHandleLong.uasset" 316
"../../../Engine/Content/VREditor/TransformGizmo/TranslationHandle.uasset" 317
"../../../Engine/Content/VREditor/TransformGizmo/UniformScaleHandle.uasset" 318
"../../../Engine/Content/VREditor/Tutorial/UMG/Specialized/AnimsForHands.uasset" 319
"../../../Engine/Content/VREditor/UI/CloseButtonMesh.uasset" 320
"../../../Engine/Content/VREditor/UI/SelectionBarMesh.uasset" 321
"../../../Engine/Content/Functions/Engine_MaterialFunctions01/Gradient/RadialGradient.uasset" 322
"../../../Engine/Content/VREditor/WorldMovementGrid/SimpleGrid.uasset" 323
"../../../Engine/Content/VREditor/WorldMovementGrid/GridMaterial.uasset" 324
"../../../Engine/Content/Functions/Engine_MaterialFunctions01/Density/ExponentialDensity.uasset" 325
"../../../Engine/Content/VREditor/WorldMovementGrid/GridPostProcess.uasset" 326
"../../../Engine/Content/EditorLandscapeResources/FlattenHeightMat.uasset" 327
"../../../Engine/Content/VREditor/WorldMovementGrid/PlaneMesh.uasset" 328
"../../../LoS/Content/CCGToolkit/Blueprints/Enums/Gameplay_Enums/CostType_Enum.uasset" 329
"../../../Engine/Plugins/2D/Paper2D/Content/PlaceholderTextures/DummySpriteTexture.uasset" 330
"../../../Engine/Plugins/2D/Paper2D/Content/DummySpriteTexture.uasset" 331
"../../../Engine/Plugins/2D/Paper2D/Content/DummySprite.uasset" 332
"../../../Engine/Plugins/2D/Paper2D/Content/DefaultPaperTerrainMaterial.uasset" 333
"../../../Engine/Plugins/2D/Paper2D/Content/DefaultSpriteMaterial.uasset" 334
"../../../Engine/Plugins/2D/Paper2D/Content/MaskedUnlitSpriteMaterial.uasset" 335
"../../../Engine/Plugins/2D/Paper2D/Content/OpaqueUnlitSpriteMaterial.uasset" 336
"../../../LoS/Content/CCGToolkit/Blueprints/CardGameCamera.uasset" 337
"../../../LoS/Content/CCGToolkit/Blueprints/Enums/Gameplay_Enums/CardClass_Enum.uasset" 338
"../../../LoS/Content/CCGToolkit/Blueprints/Enums/Gameplay_Enums/CardRarity_Enum.uasset" 339
"../../../LoS/Content/CCGToolkit/Blueprints/Enums/Gameplay_Enums/CardType_Enum.uasset" 340
"../../../LoS/Content/CCGToolkit/Blueprints/Enums/Gameplay_Enums/AbilityTrigger_Enum.uasset" 341
"../../../LoS/Content/CCGToolkit/Blueprints/Enums/Gameplay_Enums/AbilityType_Enum.uasset" 342
"../../../LoS/Content/CCGToolkit/Blueprints/Enums/Gameplay_Enums/CardUseState_Enum.uasset" 343
"../../../LoS/Content/CCGToolkit/Blueprints/Enums/Gameplay_Enums/Players_Enum.uasset" 344
"../../../LoS/Content/CCGToolkit/CardGame/Structs/CardStructs/Ability_Struct.uasset" 345
"../../../LoS/Content/CCGToolkit/Blueprints/Enums/Gameplay_Enums/DamageType_Enum.uasset" 346
"../../../LoS/Content/CCGToolkit/CardGame/Structs/CardStructs/Attack_Struct.uasset" 347
"../../../LoS/Content/CCGToolkit/CardGame/Structs/CardStructs/CardSettings_Struct.uasset" 348
"../../../LoS/Content/CCGToolkit/Blueprints/Enums/Gameplay_Enums/CardPlayConditions_Enum.uasset" 349
"../../../LoS/Content/CCGToolkit/Blueprints/Enums/Gameplay_Enums/InteractionConditions_Enum.uasset" 350
"../../../LoS/Content/CCGToolkit/CardGameAI/AIPersonality/AIPersonalityFocus_Enum.uasset" 351
"../../../LoS/Content/CCGToolkit/CardGame/Structs/CardStructs/CardSystemData_Struct.uasset" 352
"../../../LoS/Content/CCGToolkit/CardGame/Structs/CardStructs/Description_Struct.uasset" 353
"../../../LoS/Content/CCGToolkit/CardGame/Structs/CardStructs/Health_Struct.uasset" 354
"../../../LoS/Content/CCGToolkit/CardGame/Structs/CardStructs/Placement_Struct.uasset" 355
"../../../LoS/Content/CCGToolkit/CardGame/Structs/CardStructs/Visuals_Struct.uasset" 356
"../../../LoS/Content/CCGToolkit/CardGame/Structs/CardStructs/Card_Struct.uasset" 357
"../../../LoS/Content/CCGToolkit/Blueprints/Enums/Effects_Enums/BoardPlayerEffects_Enum.uasset" 358
"../../../LoS/Content/CCGToolkit/Blueprints/Enums/Effects_Enums/CardEffects_Enum.uasset" 359
"../../../LoS/Content/CCGToolkit/Blueprints/FunctionLibraries/Effects_FunctionLibrary.uasset" 360
"../../../Engine/Content/EditorBlueprintResources/ActorMacros.uasset" 361
"../../../LoS/Content/CCGToolkit/Blueprints/Enums/Gameplay_Enums/CardSet_Enum.uasset" 362
"../../../LoS/Content/CCGToolkit/Blueprints/Enums/Gameplay_Enums/GameState_Enum.uasset" 363
"../../../LoS/Content/CCGToolkit/Blueprints/Enums/Menu_Enums/ArenaList_Enum.uasset" 364
"../../../LoS/Content/CCGToolkit/Blueprints/Enums/System_Enums/Platform_Enum.uasset" 365
"../../../LoS/Content/CCGToolkit/Blueprints/Interface/Deck_Interface.uasset" 366
"../../../LoS/Content/blueslime.uasset" 367
"../../../LoS/Content/blueslime_Mat.uasset" 368
"../../../LoS/Content/blueslime_Mat_Inst.uasset" 369
"../../../Engine/Content/Functions/Engine_MaterialFunctions02/HueShift.uasset" 370
"../../../LoS/Content/CCGToolkit/CardGame/CardSets/Basic_Set/Textures/CardDesign.uasset" 371
"../../../LoS/Content/CCGToolkit/CardGame/CardSets/Basic_Set/Materials/CardFrame_Mat_Parent.uasset" 372
"../../../LoS/Content/CCGToolkit/CardGame/CardSets/Basic_Set/Textures/CardBacking.uasset" 373
"../../../LoS/Content/CCGToolkit/CardGame/CardSets/Basic_Set/Materials/CardBack_Blue_Mat_Inst.uasset" 374
"../../../LoS/Content/CCGToolkit/CardGame/CardSets/Basic_Set/Materials/CardFrame_Blue_Mat_Inst.uasset" 375
"../../../LoS/Content/CCGToolkit/CardGame/CardSets/Basic_Set/Textures/CardDesign_Green.uasset" 376
"../../../LoS/Content/CCGToolkit/CardGame/CardSets/Basic_Set/Materials/CardFrame_Green_Mat_Inst.uasset" 377
"../../../LoS/Content/CCGToolkit/CardGame/CardSets/Basic_Set/Textures/CardDesign_Purple.uasset" 378
"../../../LoS/Content/CCGToolkit/CardGame/CardSets/Basic_Set/Materials/CardFrame_Purple_Mat_Inst.uasset" 379
"../../../LoS/Content/CCGToolkit/CardGame/CardSets/Basic_Set/Textures/CardDesign2.uasset" 380
"../../../LoS/Content/CCGToolkit/CardGame/CardSets/Basic_Set/Materials/CardFrame_Red_Mat_Inst.uasset" 381
"../../../LoS/Content/CCGToolkit/CardGame/CardSets/Basic_Set/Textures/CardDesign_Yellow.uasset" 382
"../../../LoS/Content/CCGToolkit/CardGame/CardSets/Basic_Set/Materials/CardFrame_Yellow_Mat_Inst.uasset" 383
"../../../LoS/Content/cloneslime.uasset" 384
"../../../LoS/Content/cloneslime_Mat.uasset" 385
"../../../LoS/Content/cloneslime_Mat_Inst.uasset" 386
"../../../LoS/Content/coolslime.uasset" 387
"../../../LoS/Content/coolslime_Mat.uasset" 388
"../../../LoS/Content/coolslime_Mat_Inst.uasset" 389
"../../../LoS/Content/Dashing_Slime.uasset" 390
"../../../LoS/Content/Dashing_Slime_Mat.uasset" 391
"../../../LoS/Content/Dashing_Slime_Mat_Inst.uasset" 392
"../../../LoS/Content/glowslimemed.uasset" 393
"../../../LoS/Content/glowslimemed_Mat.uasset" 394
"../../../LoS/Content/glowslimemed_Mat_Inst.uasset" 395
"../../../LoS/Content/greenslime.uasset" 396
"../../../LoS/Content/greenslime_Mat.uasset" 397
"../../../LoS/Content/greenslime_Mat_Inst.uasset" 398
"../../../LoS/Content/Lcloneslime.uasset" 399
"../../../LoS/Content/Lcloneslime_Mat.uasset" 400
"../../../LoS/Content/Lcloneslime_Mat_Inst.uasset" 401
"../../../LoS/Content/libslime.uasset" 402
"../../../LoS/Content/libslime_Mat.uasset" 403
"../../../LoS/Content/libslime_Mat_Inst.uasset" 404
"../../../LoS/Content/prettyslime.uasset" 405
"../../../LoS/Content/prettyslime_Mat2.uasset" 406
"../../../LoS/Content/prettyslime_Mat2_Inst.uasset" 407
"../../../LoS/Content/purpleslime.uasset" 408
"../../../LoS/Content/purpleslime_Mat.uasset" 409
"../../../LoS/Content/purpleslime_Mat_Inst.uasset" 410
"../../../LoS/Content/RBslime.uasset" 411
"../../../LoS/Content/RBslime_Mat.uasset" 412
"../../../LoS/Content/RBslime_Mat_Inst.uasset" 413
"../../../LoS/Content/redslime.uasset" 414
"../../../LoS/Content/redslime_Mat.uasset" 415
"../../../LoS/Content/redslime_Mat_Inst.uasset" 416
"../../../LoS/Content/slimecardart.uasset" 417
"../../../LoS/Content/slimecardart_Mat.uasset" 418
"../../../LoS/Content/slimecardart_Mat_Inst.uasset" 419
"../../../LoS/Content/slimedemensions.uasset" 420
"../../../LoS/Content/slimedemensions_Mat.uasset" 421
"../../../LoS/Content/slimedemensions_Mat_Inst.uasset" 422
"../../../LoS/Content/slimeglow.uasset" 423
"../../../LoS/Content/slimeglow_Mat.uasset" 424
"../../../LoS/Content/slimeglow_Mat_Inst.uasset" 425
"../../../LoS/Content/slimeglowlg.uasset" 426
"../../../LoS/Content/slimeglowlg_Mat.uasset" 427
"../../../LoS/Content/slimeglowlg_Mat_Inst.uasset" 428
"../../../LoS/Content/slimelib.uasset" 429
"../../../LoS/Content/slimelib_Mat.uasset" 430
"../../../LoS/Content/slimelib_Mat_Inst.uasset" 431
"../../../LoS/Content/slimelight.uasset" 432
"../../../LoS/Content/slimelight_Mat.uasset" 433
"../../../LoS/Content/slimelight_Mat_Inst.uasset" 434
"../../../LoS/Content/slimelucky.uasset" 435
"../../../LoS/Content/slimelucky_Mat.uasset" 436
"../../../LoS/Content/slimelucky_Mat_Inst.uasset" 437
"../../../LoS/Content/Slimepolicefina.uasset" 438
"../../../LoS/Content/Slimepolicefina_Mat.uasset" 439
"../../../LoS/Content/Slimepolicefina_Mat_Inst.uasset" 440
"../../../LoS/Content/slimeradioactive.uasset" 441
"../../../LoS/Content/slimeradioactive_Mat.uasset" 442
"../../../LoS/Content/slimeradioactive_Mat_Inst.uasset" 443
"../../../LoS/Content/SlimeScribe.uasset" 444
"../../../LoS/Content/SlimeScribe_Mat.uasset" 445
"../../../LoS/Content/SlimeScribe_Mat_Inst.uasset" 446
"../../../LoS/Content/slimeshadowart.uasset" 447
"../../../LoS/Content/slimeshadowart_Mat.uasset" 448
"../../../LoS/Content/slimeshadowart_Mat_Inst.uasset" 449
"../../../LoS/Content/slimespawn.uasset" 450
"../../../LoS/Content/slimespawn_Mat.uasset" 451
"../../../LoS/Content/slimespawn_Mat_Inst.uasset" 452
"../../../LoS/Content/Slimetotum.uasset" 453
"../../../LoS/Content/Slimetotum_Mat.uasset" 454
"../../../LoS/Content/Slimetotum_Mat_Inst.uasset" 455
"../../../LoS/Content/slimewizard.uasset" 456
"../../../LoS/Content/slimewizard_Mat.uasset" 457
"../../../LoS/Content/slimewizard_Mat_Inst.uasset" 458
"../../../LoS/Content/Wildfireslime2.uasset" 459
"../../../LoS/Content/Wildfireslime2_Mat.uasset" 460
"../../../LoS/Content/Wildfireslime2_Mat_Inst.uasset" 461
"../../../LoS/Content/yellowslime.uasset" 462
"../../../LoS/Content/yellowslime_Mat.uasset" 463
"../../../LoS/Content/yellowslime_Mat_Inst.uasset" 464
"../../../LoS/Content/CCGToolkit/CardGame/CardSets/Basic_Set/BasicSet_DataTable.uasset" 465
"../../../LoS/Content/CCGToolkit/CardGame/CardSets/Basic_Set/Textures/CardDesign_Blank.uasset" 466
"../../../LoS/Content/CCGToolkit/CardGame/CardSets/Basic_Set/Materials/CardFrame_Blank_Mat_Inst.uasset" 467
"../../../LoS/Content/CCGToolkit/CardGame/CardSets/Basic_Set/Textures/Character_1.uasset" 468
"../../../LoS/Content/CCGToolkit/CardGame/CardSets/Basic_Set/Materials/Card_Mat_Parent.uasset" 469
"../../../LoS/Content/CCGToolkit/CardGame/CardSets/Basic_Set/Materials/Character_1_Mat_Inst.uasset" 470
"../../../LoS/Content/CCGToolkit/CardGame/CardSets/Basic_Set/Textures/Character_2.uasset" 471
"../../../LoS/Content/CCGToolkit/CardGame/CardSets/Basic_Set/Materials/Character_2_Mat_Inst.uasset" 472
"../../../LoS/Content/CCGToolkit/CardGame/CardSets/Basic_Set/Textures/Character_3.uasset" 473
"../../../LoS/Content/CCGToolkit/CardGame/CardSets/Basic_Set/Materials/Character_3_Mat_Inst.uasset" 474
"../../../LoS/Content/CCGToolkit/CardGame/CardSets/Basic_Set/Textures/Character_4.uasset" 475
"../../../LoS/Content/CCGToolkit/CardGame/CardSets/Basic_Set/Materials/Character_4_Mat_Inst.uasset" 476
"../../../LoS/Content/CCGToolkit/CardGame/CardSets/Debug_Set/DebugSet_DataTable.uasset" 477
"../../../LoS/Content/CCGToolkit/Blueprints/FunctionLibraries/Deck_FunctionLibrary.uasset" 478
"../../../LoS/Content/CCGToolkit/Blueprints/Enums/System_Enums/AlphabeticalSorting_Enum.uasset" 479
"../../../LoS/Content/CCGToolkit/Blueprints/Enums/System_Enums/ManaCostSorting_Enum.uasset" 480
"../../../LoS/Content/CCGToolkit/Blueprints/FunctionLibraries/ArrayFilters_FunctionLibrary.uasset" 481
"../../../LoS/Content/CCGToolkit/Blueprints/SaveGame/CardGameSave.uasset" 482
"../../../LoS/Content/CCGToolkit/CardGame/Structs/GameStructs/PrebuildDecksSub_Struct.uasset" 483
"../../../LoS/Content/CCGToolkit/CardGame/Structs/GameStructs/PrebuiltDecks_Struct.uasset" 484
"../../../LoS/Content/CCGToolkit/Blueprints/SaveGame/CustomDeckSave.uasset" 485
"../../../LoS/Content/CCGToolkit/Blueprints/FunctionLibraries/SaveGame_FunctionLibrary.uasset" 486
"../../../LoS/Content/CCGToolkit/Blueprints/Enums/System_Enums/CardRowOptions.uasset" 487
"../../../LoS/Content/CCGToolkit/Blueprints/Interface/Widget_Interface.uasset" 488
"../../../LoS/Content/CCGToolkit/Blueprints/Widgets/Menu/DeckBuilder/DeckBuilder_CardSetButton.uasset" 489
"../../../LoS/Content/CCGToolkit/Blueprints/Interface/PlayerState_Interface.uasset" 490
"../../../LoS/Content/CCGToolkit/Blueprints/FunctionLibraries/CardLayoutTypes_FunctionLibrary.uasset" 491
"../../../LoS/Content/CCGToolkit/CardLayouts/Positioning_Profiles_Enum.uasset" 492
"../../../LoS/Content/CCGToolkit/CardLayouts/CardLayout_Struct.uasset" 493
"../../../LoS/Content/CCGToolkit/CardLayouts/CardLayout_Profiles.uasset" 494
"../../../LoS/Content/CCGToolkit/Fonts/Lobster_Font_UMG.uasset" 495
"../../../LoS/Content/CCGToolkit/Blueprints/Widgets/Menu/ComboBoxOption.uasset" 496
"../../../LoS/Content/CCGToolkit/Blueprints/Enums/Gameplay_Enums/CardWidgetMovementState_Enum.uasset" 497
"../../../LoS/Content/CCGToolkit/Blueprints/Enums/Gameplay_Enums/PlayerState_Enum.uasset" 498
"../../../LoS/Content/CCGToolkit/Blueprints/Enums/Gameplay_Enums/GameTurn_Enum.uasset" 499
"../../../LoS/Content/CCGToolkit/Blueprints/Interface/PlayerUI_Interface.uasset" 500
"../../../Engine/Content/EditorMaterials/TreeArrow_Collapsed.uasset" 501
"../../../LoS/Content/CCGToolkit/Blueprints/Widgets/Additional/LogMessage.uasset" 502
"../../../LoS/Content/CCGToolkit/Blueprints/Widgets/Additional/Message_Manager.uasset" 503
"../../../LoS/Content/CCGToolkit/Textures/UI/Fade.uasset" 504
"../../../LoS/Content/CCGToolkit/Blueprints/Widgets/Additional/NotificationMessage.uasset" 505
"../../../LoS/Content/CCGToolkit/Blueprints/Widgets/Additional/NotificationManager.uasset" 506
"../../../Engine/Content/Functions/Engine_MaterialFunctions01/Gradient/RadialGradientExponential.uasset" 507
"../../../LoS/Content/Slime7.uasset" 508
"../../../LoS/Content/CCGToolkit/CardGame/PlayerTiles/PlayerUITiles/PlayerUI_Mat_Parent.uasset" 509
"../../../LoS/Content/CCGToolkit/CardGame/PlayerTiles/PlayerUITiles/PlayerUI_1_Mat_Inst.uasset" 510
"../../../LoS/Content/CCGToolkit/CardGame/PlayerTiles/PlayerUITiles/PlayerUI_2_Mat_Inst.uasset" 511
"../../../LoS/Content/CCGToolkit/Textures/UI/Gem_Icon.uasset" 512
"../../../LoS/Content/CCGToolkit/Blueprints/Widgets/Gameplay/ManaBar_Icon.uasset" 513
"../../../LoS/Content/CCGToolkit/Textures/UI/Mana_Bar.uasset" 514
"../../../LoS/Content/CCGToolkit/Blueprints/Widgets/Gameplay/ManaBar.uasset" 515
"../../../LoS/Content/CCGToolkit/Textures/UI/Circle64x64.uasset" 516
"../../../LoS/Content/CCGToolkit/Textures/UI/Deck_Icon.uasset" 517
"../../../LoS/Content/CCGToolkit/Textures/UI/Heart_Icon.uasset" 518
"../../../LoS/Content/CCGToolkit/Textures/UI/Image_Border.uasset" 519
"../../../LoS/Content/CCGToolkit/Textures/UI/Mana_Small.uasset" 520
"../../../LoS/Content/CCGToolkit/Textures/UI/Turn_Icon.uasset" 521
"../../../LoS/Content/Radioactive_slime.uasset" 522
"../../../LoS/Content/CCGToolkit/Blueprints/Widgets/Gameplay/PlayerProfileUI.uasset" 523
"../../../LoS/Content/CCGToolkit/Blueprints/Widgets/Menu/PauseMenu.uasset" 524
"../../../LoS/Content/CCGToolkit/Blueprints/Widgets/Gameplay/PlayerGameUI.uasset" 525
"../../../LoS/Content/CCGToolkit/CardLayouts/ViewState_Enum.uasset" 526
"../../../LoS/Content/CCGToolkit/Textures/Editor/CardOffset_X_Image.uasset" 527
"../../../LoS/Content/CCGToolkit/Textures/Editor/CardOffset_Y_Image.uasset" 528
"../../../LoS/Content/CCGToolkit/Textures/UI/Gradient.uasset" 529
"../../../LoS/Content/CCGToolkit/Blueprints/Widgets/Gameplay/CardManager.uasset" 530
"../../../LoS/Content/CCGToolkit/Blueprints/Widgets/Gameplay/CardWidget.uasset" 531
"../../../LoS/Content/CCGToolkit/Blueprints/CardGamePlayerState.uasset" 532
"../../../LoS/Content/CCGToolkit/CardGameAI/AIPersonality/AIDifficulty_Enum.uasset" 533
"../../../LoS/Content/CCGToolkit/CardGameAI/AIPersonality/AIPersonality.uasset" 534
"../../../LoS/Content/CCGToolkit/CardGameAI/AIPersonality/AIState_Enum.uasset" 535
"../../../LoS/Content/CCGToolkit/CardGameAI/AIBlueprints/CardGameAI_Blackboard.uasset" 536
"../../../LoS/Content/CCGToolkit/CardGameAI/AIBlueprints/CardGameAI_Pawn.uasset" 537
"../../../LoS/Content/CCGToolkit/CardGameAI/AIBlueprints/Decorators/BTDecorator_HasPlayableCardsInHand.uasset" 538
"../../../LoS/Content/CCGToolkit/Blueprints/Enums/System_Enums/AITurnState_Enum.uasset" 539
"../../../LoS/Content/CCGToolkit/CardGameAI/AIBlueprints/Decorators/BTDecorator_IsInTurnState.uasset" 540
"../../../LoS/Content/CCGToolkit/CardGameAI/AIBlueprints/Decorators/BTDecorator_TurnActive.uasset" 541
"../../../LoS/Content/CCGToolkit/CardGameAI/AIBlueprints/Services/BTService_UpdateAIState.uasset" 542
"../../../LoS/Content/CCGToolkit/CardGameAI/AIBlueprints/Tasks/BTTask_EndAITurn.uasset" 543
"../../../LoS/Content/CCGToolkit/CardGameAI/AIBlueprints/Tasks/BTTask_IncreaseLoop.uasset" 544
"../../../LoS/Content/CCGToolkit/Blueprints/Interface/Controller_Interface.uasset" 545
"../../../LoS/Content/CCGToolkit/CardGameAI/AIBlueprints/Tasks/BTTask_InitializeAIPlayerTurn.uasset" 546
"../../../LoS/Content/CCGToolkit/CardGameAI/AIBlueprints/Tasks/BTTask_MoveToTurnState.uasset" 547
"../../../LoS/Content/CCGToolkit/Textures/Placement_Tile.uasset" 548
"../../../LoS/Content/CCGToolkit/Materials/Tile_Mat.uasset" 549
"../../../LoS/Content/CCGToolkit/Materials/Tile_Mat_Inst.uasset" 550
"../../../LoS/Content/CCGToolkit/Meshes/SquarePlane.uasset" 551
"../../../LoS/Content/CCGToolkit/Blueprints/Gameplay/PlacementTiles/PlacementTile_Parent.uasset" 552
"../../../LoS/Content/CCGToolkit/CardGame/CardSets/Basic_Set/Materials/3DCard_Nothing.uasset" 553
"../../../LoS/Content/CCGToolkit/CardGame/CardSets/Basic_Set/Materials/CardFrame_Mat_Inst.uasset" 554
"../../../LoS/Content/CCGToolkit/Meshes/Card_Model.uasset" 555
"../../../LoS/Content/CCGToolkit/Blueprints/Gameplay/Graveyard.uasset" 556
"../../../LoS/Content/CCGToolkit/Textures/Placement_Tile_LeftEnd.uasset" 557
"../../../LoS/Content/CCGToolkit/Materials/TileLeftEnd_Mat_Inst.uasset" 558
"../../../LoS/Content/CCGToolkit/Blueprints/Gameplay/PlacementTiles/PlacementTile_LeftEnd.uasset" 559
"../../../LoS/Content/CCGToolkit/Textures/Placement_Tile_Middle.uasset" 560
"../../../LoS/Content/CCGToolkit/Materials/TileMiddle_Mat_Inst.uasset" 561
"../../../LoS/Content/CCGToolkit/Blueprints/Gameplay/PlacementTiles/PlacementTile_Middle.uasset" 562
"../../../LoS/Content/CCGToolkit/Textures/Placement_Tile_RightEnd.uasset" 563
"../../../LoS/Content/CCGToolkit/Materials/TileRightEnd_Mat_Inst.uasset" 564
"../../../LoS/Content/CCGToolkit/Blueprints/Gameplay/PlacementTiles/PlacementTile_RightEnd.uasset" 565
"../../../LoS/Content/CCGToolkit/Blueprints/Enums/System_Enums/Direction_Enum.uasset" 566
"../../../LoS/Content/CCGToolkit/Blueprints/Gameplay/CardPlacement.uasset" 567
"../../../LoS/Content/CCGToolkit/Blueprints/FunctionLibraries/CardConditions_FunctionLibrary.uasset" 568
"../../../LoS/Content/CCGToolkit/CardGame/DEVELOPER_PrebuildDecks/PreBuildDecks_DataTable.uasset" 569
"../../../LoS/Content/CCGToolkit/Blueprints/Enums/Gameplay_Enums/ManaAccount_Enum.uasset" 570
"../../../LoS/Content/CCGToolkit/Blueprints/FunctionLibraries/Card_FunctionLibrary.uasset" 571
"../../../LoS/Content/CCGToolkit/Blueprints/FunctionLibraries/Math_Library.uasset" 572
"../../../LoS/Content/CCGToolkit/CardGameAI/AIBlueprints/Tasks/BTTask_PlayCard.uasset" 573
"../../../LoS/Content/CCGToolkit/CardGame/Structs/GameStructs/PlayerStateSnapshot_Struct.uasset" 574
"../../../LoS/Content/CCGToolkit/CardGame/Structs/GameStructs/GameStateSnapshot_Struct.uasset" 575
"../../../LoS/Content/CCGToolkit/CardGameAI/AIPlaysData/PlayType_Enum.uasset" 576
"../../../LoS/Content/CCGToolkit/CardGameAI/AIPlaysData/CardInteraction_Struct.uasset" 577
"../../../LoS/Content/CCGToolkit/CardGameAI/AIPlaysData/PlaySubStruct.uasset" 578
"../../../LoS/Content/CCGToolkit/CardGameAI/AIPlaysData/PlayStruct.uasset" 579
"../../../LoS/Content/CCGToolkit/CardGameAI/AIPointsAllocation/EvaluationRules_FunctionLibrary.uasset" 580
"../../../LoS/Content/CCGToolkit/CardGameAI/AIPointsAllocation/CalculationPoints_Struct.uasset" 581
"../../../LoS/Content/CCGToolkit/CardGameAI/AIPointsAllocation/EvaluationPoints_Struct.uasset" 582
"../../../LoS/Content/CCGToolkit/CardGameAI/AIPointsAllocation/PointAllocation_Struct.uasset" 583
"../../../LoS/Content/CCGToolkit/Blueprints/FunctionLibraries/GameSnapshot_FunctionLibrary.uasset" 584
"../../../LoS/Content/CCGToolkit/CardGameAI/AIBlueprints/Tasks/BTTask_RunPlayList.uasset" 585
"../../../LoS/Content/CCGToolkit/CardGameAI/AIBlueprints/Tasks/BTTask_Wait.uasset" 586
"../../../LoS/Content/CCGToolkit/CardGameAI/AIBlueprints/CardGameAI_BehaviorTree.uasset" 587
"../../../LoS/Content/CCGToolkit/Blueprints/Interface/CardInteraction_Interface.uasset" 588
"../../../LoS/Content/CCGToolkit/CardGame/Structs/GameStructs/BattleHistory_Struct.uasset" 589
"../../../LoS/Content/CCGToolkit/Blueprints/FunctionLibraries/CardInteraction_FunctionLibrary.uasset" 590
"../../../LoS/Content/CCGToolkit/Blueprints/FunctionLibraries/CardsInHand_FunctionLibrary.uasset" 591
"../../../LoS/Content/CCGToolkit/Blueprints/FunctionLibraries/Placement_FunctionLibrary.uasset" 592
"../../../LoS/Content/CCGToolkit/Blueprints/Interface/CardsInHand_Interface.uasset" 593
"../../../LoS/Content/CCGToolkit/Blueprints/Enums/System_Enums/EndGameResults_Enum.uasset" 594
"../../../LoS/Content/CCGToolkit/Blueprints/Interface/GameState_Interface.uasset" 595
"../../../LoS/Content/CCGToolkit/CardGameAI/AIPersonality/AIPersonality_DataTable.uasset" 596
"../../../LoS/Content/CCGToolkit/CardGameAI/AIPointsAllocation/AIPointsAllocation.uasset" 597
"../../../LoS/Content/CCGToolkit/CardGameAI/AIPointsAllocation/EvaluationState_Struct.uasset" 598
"../../../LoS/Content/CCGToolkit/CardGameAI/AIPointsAllocation/AIState_Struct.uasset" 599
"../../../LoS/Content/CCGToolkit/Blueprints/Enums/System_Enums/Priority_Enum.uasset" 600
"../../../LoS/Content/CCGToolkit/CardGameAI/UI/Cards_Bar.uasset" 601
"../../../LoS/Content/CCGToolkit/CardGameAI/UI/PriorityFocus_Bar.uasset" 602
"../../../LoS/Content/CCGToolkit/CardGameAI/UI/AI_InfoBar.uasset" 603
"../../../LoS/Content/CCGToolkit/CardGameAI/AIPersonality/AIRisk_Enum.uasset" 604
"../../../LoS/Content/CCGToolkit/CardGameAI/AIBlueprints/CardGameAIController.uasset" 605
"../../../LoS/Content/CCGToolkit/Blueprints/FunctionLibraries/Controller_FunctionLibrary.uasset" 606
"../../../LoS/Content/CCGToolkit/Blueprints/CardGameMode.uasset" 607
"../../../LoS/Content/CCGToolkit/Blueprints/SaveGame/RecordGameState_SaveGame.uasset" 608
"../../../LoS/Content/CCGToolkit/Blueprints/CardGameState.uasset" 609
"../../../LoS/Content/CCGToolkit/Blueprints/FunctionLibraries/CardAbility_FunctionLibrary.uasset" 610
"../../../LoS/Content/CCGToolkit/Fonts/Lobster_Font.uasset" 611
"../../../LoS/Content/CCGToolkit/Textures/Card_Shadow.uasset" 612
"../../../LoS/Content/CCGToolkit/CardGame/CardSets/Basic_Set/Effects/CardShadow_Mat.uasset" 613
"../../../LoS/Content/CCGToolkit/Fonts/Lobster_Font_Mat.uasset" 614
"../../../LoS/Content/CCGToolkit/Textures/Card_Shadow_Mask.uasset" 615
"../../../LoS/Content/CCGToolkit/CardGame/CardSets/Basic_Set/Effects/Card_Shadow_Glow_Mat.uasset" 616
"../../../LoS/Content/CCGToolkit/CardGame/CardSets/Basic_Set/Effects/CardGreenGlow_Mat.uasset" 617
"../../../LoS/Content/CCGToolkit/CardGame/CardSets/Basic_Set/Effects/CardRedGlow_Mat.uasset" 618
"../../../LoS/Content/CCGToolkit/Materials/UI/Icon_Parent_Mat.uasset" 619
"../../../LoS/Content/CCGToolkit/Textures/UI/Attack_Icon.uasset" 620
"../../../LoS/Content/CCGToolkit/Materials/UI/Icon_Attack_Mat_Inst.uasset" 621
"../../../LoS/Content/CCGToolkit/Materials/UI/Icon_Gem_Mat_Inst.uasset" 622
"../../../LoS/Content/CCGToolkit/Materials/UI/Icon_Heart_Mat_Inst.uasset" 623
"../../../LoS/Content/CCGToolkit/Blueprints/Enums/Gameplay_Enums/3DCardMovementState_Enum.uasset" 624
"../../../LoS/Content/CCGToolkit/Blueprints/Enums/Gameplay_Enums/TurnState_Enum.uasset" 625
"../../../LoS/Content/CCGToolkit/Blueprints/Widgets/Gameplay/CardPreview.uasset" 626
"../../../LoS/Content/CCGToolkit/Blueprints/Gameplay/3DCard.uasset" 627
"../../../LoS/Content/CCGToolkit/CardGame/CardSets/Basic_Set/Effects/Shadow.uasset" 628
"../../../LoS/Content/CCGToolkit/Blueprints/Widgets/Gameplay/ViewCard_Default.uasset" 629
"../../../LoS/Content/CCGToolkit/Textures/UI/Lock_Icon.uasset" 630
"../../../LoS/Content/CCGToolkit/Blueprints/Widgets/Additional/ScreenCardPreview.uasset" 631
"../../../LoS/Content/CCGToolkit/CardGame/PlayerTiles/DeckUITile/DeckTile_1.uasset" 632
"../../../LoS/Content/CCGToolkit/Textures/UI/Window_inner_Border.uasset" 633
"../../../LoS/Content/CCGToolkit/Blueprints/Widgets/Menu/DeckBuilder/DeckBuilderCardRow.uasset" 634
"../../../Engine/Content/EngineFonts/Faces/RobotoBold.uasset" 635
"../../../Engine/Content/EngineFonts/Faces/RobotoBoldItalic.uasset" 636
"../../../Engine/Content/EngineFonts/Faces/RobotoItalic.uasset" 637
"../../../Engine/Content/EngineFonts/Faces/RobotoLight.uasset" 638
"../../../Engine/Content/EngineFonts/Faces/RobotoRegular.uasset" 639
"../../../Engine/Content/EngineFonts/Roboto.uasset" 640
"../../../LoS/Content/CCGToolkit/Textures/UI/PageArrowDown_Texture.uasset" 641
"../../../LoS/Content/CCGToolkit/Textures/UI/UI_ShadowBorder.uasset" 642
"../../../LoS/Content/CCGToolkit/Textures/UI/Window_Outer_Border_NoFade.uasset" 643
"../../../LoS/Content/CCGToolkit/Blueprints/Widgets/Menu/DeckBuilder/CardLibraryFitlerWindow.uasset" 644
"../../../LoS/Content/CCGToolkit/Blueprints/Enums/Menu_Enums/LibraryCardSelectableState_Enum.uasset" 645
"../../../LoS/Content/CCGToolkit/Blueprints/Widgets/Menu/DeckBuilder/LibraryCard.uasset" 646
"../../../LoS/Content/CCGToolkit/Textures/UI/SearchBar_Texture.uasset" 647
"../../../LoS/Content/CCGToolkit/Blueprints/Widgets/Menu/DeckBuilder/SearchBar.uasset" 648
"../../../LoS/Content/CCGToolkit/Blueprints/Enums/System_Enums/SortingTypeFilter_Enum.uasset" 649
"../../../LoS/Content/CCGToolkit/Blueprints/Widgets/Additional/VerticleManaBar.uasset" 650
"../../../LoS/Content/CCGToolkit/Blueprints/Widgets/Additional/DeckManaGraph.uasset" 651
"../../../LoS/Content/CCGToolkit/Blueprints/Widgets/Additional/DeckStats.uasset" 652
"../../../LoS/Content/SlimeSeason.uasset" 653
"../../../LoS/Content/SlimeSeason_Font.uasset" 654
"../../../LoS/Content/CCGToolkit/Blueprints/Widgets/Menu/BasicCardSetSelectionRow.uasset" 655
"../../../LoS/Content/CCGToolkit/Blueprints/Widgets/Menu/DeckSelectionMenu.uasset" 656
"../../../LoS/Content/CCGToolkit/Blueprints/Widgets/Menu/ServerSelectionRow.uasset" 657
"../../../LoS/Content/CCGToolkit/Blueprints/Widgets/Menu/ServerSelectionMenu.uasset" 658
"../../../LoS/Content/CCGToolkit/Blueprints/Enums/Menu_Enums/MainMenuState.uasset" 659
"../../../LoS/Content/CCGToolkit/Blueprints/Widgets/Menu/ArenaSelectionRow.uasset" 660
"../../../LoS/Content/CCGToolkit/Blueprints/Widgets/Menu/ArenaSelectionMenu.uasset" 661
"../../../LoS/Content/CCGToolkit/Textures/UI/Circle_Fade.uasset" 662
"../../../LoS/Content/CCGToolkit/Textures/UI/Gear_Icon.uasset" 663
"../../../LoS/Content/CCGToolkit/Textures/UI/Window_Border_TopBar.uasset" 664
"../../../LoS/Content/CCGToolkit/Blueprints/Widgets/Menu/MainMenu.uasset" 665
"../../../LoS/Content/CCGToolkit/CardGame/PlayerTiles/DeckUITile/DeckTile_2.uasset" 666
"../../../LoS/Content/CCGToolkit/Blueprints/Widgets/Menu/ExpandableDeckSelectionRow.uasset" 667
"../../../LoS/Content/CCGToolkit/Textures/UI/Edit_Icon.uasset" 668
"../../../LoS/Content/CCGToolkit/Textures/UI/ManaGraphIcon.uasset" 669
"../../../LoS/Content/CCGToolkit/Textures/UI/PageArrow_Texture.uasset" 670
"../../../LoS/Content/CCGToolkit/Textures/UI/Window_Outer_Border.uasset" 671
"../../../LoS/Content/CCGToolkit/Textures/UI/Window_Top_Border.uasset" 672
"../../../LoS/Content/CCGToolkit/Blueprints/Widgets/Menu/DeckBuilder/DeckBuilder.uasset" 673
"../../../LoS/Content/CCGToolkit/Textures/UI/Logo.uasset" 674
"../../../LoS/Content/slime1.uasset" 675
"../../../LoS/Content/Slime4.uasset" 676
"../../../LoS/Content/Slime6.uasset" 677
"../../../LoS/Content/CCGToolkit/Blueprints/Widgets/Menu/LoadingScreen.uasset" 678
"../../../LoS/Content/CCGToolkit/Blueprints/CardGameInstance.uasset" 679
"../../../LoS/Content/CCGToolkit/Blueprints/FunctionLibraries/Log_FunctionLibrary.uasset" 680
"../../../LoS/Content/CCGToolkit/Materials/Red_Mat.uasset" 681
"../../../Engine/Content/Functions/Engine_MaterialFunctions02/WorldPositionOffset/ObjectScale.uasset" 682
"../../../LoS/Content/CCGToolkit/Textures/Stipe_Texture.uasset" 683
"../../../LoS/Content/CCGToolkit/Materials/Stripes_Mat.uasset" 684
"../../../LoS/Content/CCGToolkit/Textures/Target_Icon.uasset" 685
"../../../LoS/Content/CCGToolkit/Materials/Target_Mat.uasset" 686
"../../../LoS/Content/CCGToolkit/Meshes/Target_Arrow.uasset" 687
"../../../LoS/Content/CCGToolkit/Meshes/Target_Stripes.uasset" 688
"../../../LoS/Content/CCGToolkit/Blueprints/Gameplay/TargetDragSelection.uasset" 689
"../../../LoS/Content/CCGToolkit/Blueprints/Widgets/Additional/Countdown.uasset" 690
"../../../LoS/Content/CCGToolkit/Blueprints/Enums/System_Enums/Errors_Enum.uasset" 691
"../../../LoS/Content/CCGToolkit/Blueprints/Widgets/Gameplay/OpponentProfileUI.uasset" 692
"../../../LoS/Content/CCGToolkit/Blueprints/Widgets/Gameplay/OpponentUI.uasset" 693
"../../../LoS/Content/CCGToolkit/Blueprints/CardGamePlayerController.uasset" 694
"../../../LoS/Content/CCGToolkit/Blueprints/Widgets/Additional/DisplayMessage.uasset" 695
"../../../LoS/Content/CCGToolkit/Blueprints/FunctionLibraries/Misc_FunctionLibrary.uasset" 696
"../../../LoS/Content/CCGToolkit/Blueprints/Gameplay/AutoRotateToPlayer.uasset" 697
"../../../LoS/Content/CCGToolkit/CardGame/PlayerTiles/BoardTiles/PlayerTile_Parent.uasset" 698
"../../../LoS/Content/CCGToolkit/CardGame/PlayerTiles/BoardTiles/PlayerTile_Child_1.uasset" 699
"../../../LoS/Content/CCGToolkit/CardGame/PlayerTiles/BoardTiles/PlayerTile_Child_2.uasset" 700
"../../../Engine/Content/BasicShapes/Cube.uasset" 701
"../../../LoS/Content/CCGToolkit/Blueprints/Gameplay/BoardPlayer.uasset" 702
"../../../LoS/Content/CCGToolkit/Textures/Noise_Texture.uasset" 703
"../../../LoS/Content/CCGToolkit/Materials/Board_Mat.uasset" 704
"../../../LoS/Content/CCGToolkit/Materials/Board_Brown_Mat_Inst.uasset" 705
"../../../LoS/Content/CCGToolkit/Maps/ExampleArenas/Arena_Doubles.umap" 706
"../../../LoS/Content/CCGToolkit/Materials/Board_Yellow_Mat_Inst.uasset" 707
"../../../LoS/Content/CCGToolkit/Maps/ExampleArenas/Arena_EaglesNest.umap" 708
"../../../LoS/Content/CCGToolkit/Materials/Board_Green_Mat_Inst.uasset" 709
"../../../LoS/Content/CCGToolkit/Meshes/Cube_Model.uasset" 710
"../../../LoS/Content/CCGToolkit/Maps/ExampleArenas/Arena_FlatGrounds.umap" 711
"../../../LoS/Content/CCGToolkit/Maps/ExampleArenas/Arena_GreatWall.umap" 712
"../../../LoS/Content/CCGToolkit/Materials/Board_Green_Mat_Inst2.uasset" 713
"../../../LoS/Content/CCGToolkit/Maps/ExampleArenas/Arena_RainyDay.umap" 714
"../../../LoS/Content/CCGToolkit/Materials/Board_Blue_Mat_Inst2.uasset" 715
"../../../LoS/Content/CCGToolkit/Maps/ExampleArenas/Arena_StoneGarden.umap" 716
"../../../LoS/Content/CCGToolkit/Maps/MainMenu_BuiltData.uasset" 717
"../../../LoS/Content/Slimes/Backgrounds/f_10.uasset" 718
"../../../LoS/Content/Slimes/Backgrounds/f_10_Mat.uasset" 719
"../../../Engine/Content/BasicShapes/Plane.uasset" 720
"../../../Engine/Plugins/2D/Paper2D/Content/TranslucentUnlitSpriteMaterial.uasset" 721
"../../../LoS/Content/MainmenuPNG2.uasset" 722
"../../../LoS/Content/MainmenuPNG2_Sprite.uasset" 723
"../../../LoS/Content/Slimes/Backgrounds/f_2.uasset" 724
"../../../LoS/Content/Slimes/Backgrounds/f_2_Sprite.uasset" 725
"../../../LoS/Content/Slimes/Backgrounds/Slime_Adventure_-_Pumpkin_Town_Cue.uasset" 726
"../../../LoS/Content/Slimes/Promise/slimeani1.uasset" 727
"../../../LoS/Content/Slimes/Promise/slimeani1_Sprite.uasset" 728
"../../../LoS/Content/Slimes/Promise/slimeani2.uasset" 729
"../../../LoS/Content/Slimes/Promise/slimeani2_Sprite.uasset" 730
"../../../LoS/Content/Slimes/Promise/slimeani3.uasset" 731
"../../../LoS/Content/Slimes/Promise/slimeani3_Sprite.uasset" 732
"../../../LoS/Content/Slimes/Promise/Slimeani4.uasset" 733
"../../../LoS/Content/Slimes/Promise/Slimeani4_Sprite.uasset" 734
"../../../LoS/Content/Slimes/Promise/slimeani5.uasset" 735
"../../../LoS/Content/Slimes/Promise/slimeani5_Sprite.uasset" 736
"../../../LoS/Content/Slimes/Promise/Slimeani6.uasset" 737
"../../../LoS/Content/Slimes/Promise/Slimeani6_Sprite.uasset" 738
"../../../LoS/Content/Slimes/Promise/mainmenuani.uasset" 739
"../../../LoS/Content/Slimes/Zombie/zombie_slime_move_draft1.uasset" 740
"../../../LoS/Content/Slimes/Zombie/zombie_slime_move_draft1_Sprite.uasset" 741
"../../../LoS/Content/Slimes/Zombie/zombie_slime_move_draft2.uasset" 742
"../../../LoS/Content/Slimes/Zombie/zombie_slime_move_draft2_Sprite.uasset" 743
"../../../LoS/Content/Slimes/Zombie/zombie_slime_move_draft3.uasset" 744
"../../../LoS/Content/Slimes/Zombie/zombie_slime_move_draft3_Sprite.uasset" 745
"../../../LoS/Content/Slimes/Zombie/zombie_slime_move_draft4.uasset" 746
"../../../LoS/Content/Slimes/Zombie/zombie_slime_move_draft4_Sprite.uasset" 747
"../../../LoS/Content/Slimes/Zombie/zombie_slime_move_draft5.uasset" 748
"../../../LoS/Content/Slimes/Zombie/zombie_slime_move_draft5_Sprite.uasset" 749
"../../../LoS/Content/Slimes/Zombie/zombie_slime_move_draft6.uasset" 750
"../../../LoS/Content/Slimes/Zombie/zombie_slime_move_draft6_Sprite.uasset" 751
"../../../LoS/Content/Slimes/Promise/mainmenuani2.uasset" 752
"../../../LoS/Content/CCGToolkit/Maps/MainMenu.umap" 753
"../../../LoS/Content/CCGToolkit/Maps/ExampleArenas/Arena_Classic_BuiltData.uasset" 754
"../../../LoS/Content/CCGToolkit/Maps/ExampleArenas/Arena_Classic.umap" 755
